[debug] [2023-08-27T13:27:22.670Z] ----------------------------------------------------------------------
[debug] [2023-08-27T13:27:22.672Z] Command:       C:\Program Files\nodejs\node.exe C:\Program Files\nodejs\node_modules\firebase-tools\lib\bin\firebase.js init
[debug] [2023-08-27T13:27:22.672Z] CLI Version:   12.4.6
[debug] [2023-08-27T13:27:22.672Z] Platform:      win32
[debug] [2023-08-27T13:27:22.672Z] Node Version:  v18.16.1
[debug] [2023-08-27T13:27:22.673Z] Time:          Sun Aug 27 2023 09:27:22 GMT-0400 (hora de Venezuela)
[debug] [2023-08-27T13:27:22.673Z] ----------------------------------------------------------------------
[debug] 
[debug] [2023-08-27T13:27:22.734Z] > command requires scopes: ["email","openid","https://www.googleapis.com/auth/cloudplatformprojects.readonly","https://www.googleapis.com/auth/firebase","https://www.googleapis.com/auth/cloud-platform"]
[debug] [2023-08-27T13:27:22.735Z] > authorizing via signed-in user (arturoseijas98@gmail.com)
[info] 
     ######## #### ########  ######## ########     ###     ######  ########
     ##        ##  ##     ## ##       ##     ##  ##   ##  ##       ##
     ######    ##  ########  ######   ########  #########  ######  ######
     ##        ##  ##    ##  ##       ##     ## ##     ##       ## ##
     ##       #### ##     ## ######## ########  ##     ##  ######  ########

You're about to initialize a Firebase project in this directory:

  C:\Users\marin\Desktop\angular\password-generator

Before we get started, keep in mind:

  * You are initializing within an existing Firebase project directory

[info] 
=== Project Setup
[info] 
[info] First, let's associate this project directory with a Firebase project.
[info] You can create multiple project aliases by running firebase use --add, 
[info] but for now we'll just set up a default project.
[info] 
[debug] [2023-08-27T13:27:39.167Z] Using project from CLI flag: password-generator-a8f10
[debug] [2023-08-27T13:27:39.170Z] >>> [apiv2][query] GET https://firebase.googleapis.com/v1beta1/projects/password-generator-a8f10 [none]
[debug] [2023-08-27T13:27:39.544Z] <<< [apiv2][status] GET https://firebase.googleapis.com/v1beta1/projects/password-generator-a8f10 200
[debug] [2023-08-27T13:27:39.544Z] <<< [apiv2][body] GET https://firebase.googleapis.com/v1beta1/projects/password-generator-a8f10 {"projectId":"password-generator-a8f10","projectNumber":"756268984907","displayName":"password-generator","name":"projects/password-generator-a8f10","resources":{"hostingSite":"password-generator-a8f10"},"state":"ACTIVE","etag":"1_90a46632-ad2d-4b2f-8070-88b0fc4f320f"}
[info] i  Using project password-generator-a8f10 (password-generator) 
[info] 
=== Hosting Setup
[info] 
[info] Your public directory is the folder (relative to your project directory) that
[info] will contain Hosting assets to be uploaded with firebase deploy. If you
[info] have a build process for your assets, use your build's output directory.
[info] 
[debug] [2023-08-27T13:29:13.559Z] >>> [apiv2][query] GET https://www.gstatic.com/firebasejs/releases.json [none]
[debug] [2023-08-27T13:29:13.734Z] <<< [apiv2][status] GET https://www.gstatic.com/firebasejs/releases.json 200
[debug] [2023-08-27T13:29:13.734Z] <<< [apiv2][body] GET https://www.gstatic.com/firebasejs/releases.json {"current":{"version":"10.3.0","browserURL":"https://www.gstatic.com/firebasejs/10.3.0/firebase.js","packageURL":"https://www.gstatic.com/firebasejs/10.3.0/firebase.tgz"},"live":{"version":"10.3","browserURL":"https://www.gstatic.com/firebasejs/live/10.3/firebase.js","packageURL":"https://www.gstatic.com/firebasejs/live/10.3/firebase.tgz"},"components":{"analytics":"https://www.gstatic.com/firebasejs/10.3.0/firebase-analytics.js","app":"https://www.gstatic.com/firebasejs/10.3.0/firebase-app.js","app-check":"https://www.gstatic.com/firebasejs/10.3.0/firebase-app-check.js","auth":"https://www.gstatic.com/firebasejs/10.3.0/firebase-auth.js","auth/cordova":"https://www.gstatic.com/firebasejs/10.3.0/firebase-auth/cordova.js","functions":"https://www.gstatic.com/firebasejs/10.3.0/firebase-functions.js","firestore":"https://www.gstatic.com/firebasejs/10.3.0/firebase-firestore.js","firestore/lite":"https://www.gstatic.com/firebasejs/10.3.0/firebase-firestore/lite.js","installations":"https://www.gstatic.com/firebasejs/10.3.0/firebase-installations.js","storage":"https://www.gstatic.com/firebasejs/10.3.0/firebase-storage.js","performance":"https://www.gstatic.com/firebasejs/10.3.0/firebase-performance.js","remote-config":"https://www.gstatic.com/firebasejs/10.3.0/firebase-remote-config.js","messaging":"https://www.gstatic.com/firebasejs/10.3.0/firebase-messaging.js","messaging/sw":"https://www.gstatic.com/firebasejs/10.3.0/firebase-messaging/sw.js","database":"https://www.gstatic.com/firebasejs/10.3.0/firebase-database.js","firestore.memory":"https://www.gstatic.com/firebasejs/10.3.0/firebase-firestore.memory.js"}}
[info] +  Wrote dist/password-generator/index.html 
[info] 
[info] i  Detected a .git folder at C:\Users\marin\Desktop\angular\password-generator 
[info] i  Authorizing with GitHub to upload your service account to a GitHub repository's secrets store. 
[info] 
[info] Visit this URL on this device to log in:
[info] https://github.com/login/oauth/authorize?client_id=89cf50f02ac6aaed3484&state=319168377&redirect_uri=http%3A%2F%2Flocalhost%3A9005&scope=read%3Auser%20repo%20public_repo
[info] 
[info] Waiting for authentication...
